<?xml version="1.0" encoding="UTF-8"?>
<testng-results ignored="0" total="1" passed="1" failed="0" skipped="0">
  <reporter-output>
  </reporter-output>
  <suite started-at="2024-10-22T21:08:33 IST" name="Default suite" finished-at="2024-10-22T21:09:10 IST" duration-ms="37444">
    <groups>
    </groups>
    <test started-at="2024-10-22T21:08:33 IST" name="Default test" finished-at="2024-10-22T21:09:10 IST" duration-ms="37444">
      <class name="org.sample.TestNGSample">
        <test-method is-config="true" signature="tc1()[pri:0, instance:org.sample.TestNGSample@673fdbce]" started-at="2024-10-22T21:08:33 IST" name="tc1" finished-at="2024-10-22T21:08:53 IST" duration-ms="20776" status="PASS">
          <reporter-output>
          </reporter-output>
        </test-method> <!-- tc1 -->
        <test-method is-config="true" signature="tc4()[pri:0, instance:org.sample.TestNGSample@673fdbce]" started-at="2024-10-22T21:08:53 IST" name="tc4" finished-at="2024-10-22T21:08:55 IST" duration-ms="1501" status="PASS">
          <reporter-output>
          </reporter-output>
        </test-method> <!-- tc4 -->
        <test-method signature="tc3()[pri:0, instance:org.sample.TestNGSample@673fdbce]" started-at="2024-10-22T21:08:55 IST" name="tc3" finished-at="2024-10-22T21:09:05 IST" duration-ms="10405" status="PASS">
          <reporter-output>
          </reporter-output>
        </test-method> <!-- tc3 -->
        <test-method is-config="true" signature="tc5()[pri:0, instance:org.sample.TestNGSample@673fdbce]" started-at="2024-10-22T21:09:05 IST" name="tc5" finished-at="2024-10-22T21:09:06 IST" duration-ms="823" status="PASS">
          <reporter-output>
          </reporter-output>
        </test-method> <!-- tc5 -->
        <test-method is-config="true" signature="tc2()[pri:0, instance:org.sample.TestNGSample@673fdbce]" started-at="2024-10-22T21:09:06 IST" name="tc2" finished-at="2024-10-22T21:09:10 IST" duration-ms="3749" status="PASS">
          <reporter-output>
          </reporter-output>
        </test-method> <!-- tc2 -->
      </class> <!-- org.sample.TestNGSample -->
    </test> <!-- Default test -->
  </suite> <!-- Default suite -->
</testng-results>
